# JRE version: OpenJDK Runtime Environment (8.0_242-b01) (build 1.8.0_242-release-1644-b01)
# Java VM: OpenJDK 64-Bit Server VM (25.242-b01 mixed mode windows-amd64 compressed oops)
Heap:
 PSYoungGen      total 120832K, used 23790K [0x00000000d5580000, 0x00000000dd880000, 0x0000000100000000)
  eden space 110592K, 12% used [0x00000000d5580000,0x00000000d62f8930,0x00000000dc180000)
  from space 10240K, 97% used [0x00000000dcd80000,0x00000000dd742fb8,0x00000000dd780000)
  to   space 11776K, 0% used [0x00000000dc180000,0x00000000dc180000,0x00000000dcd00000)
 ParOldGen       total 54784K, used 9047K [0x0000000080000000, 0x0000000083580000, 0x00000000d5580000)
  object space 54784K, 16% used [0x0000000080000000,0x00000000808d5c28,0x0000000083580000)
 Metaspace       used 33412K, capacity 34768K, committed 34944K, reserved 1079296K
  class space    used 4526K, capacity 4869K, committed 4992K, reserved 1048576K
GC Heap History (10 events):
Event: 8.086 GC heap before
{Heap before GC invocations=5 (full 0):
 PSYoungGen      total 38400K, used 38368K [0x00000000d5580000, 0x00000000d8000000, 0x0000000100000000)
  eden space 33280K, 100% used [0x00000000d5580000,0x00000000d7600000,0x00000000d7600000)
  from space 5120K, 99% used [0x00000000d7b00000,0x00000000d7ff81d8,0x00000000d8000000)
  to   space 5120K, 0% used [0x00000000d7600000,0x00000000d7600000,0x00000000d7b00000)
 ParOldGen       total 87552K, used 3742K [0x0000000080000000, 0x0000000085580000, 0x00000000d5580000)
  object space 87552K, 4% used [0x0000000080000000,0x00000000803a78d0,0x0000000085580000)
 Metaspace       used 17780K, capacity 18370K, committed 18560K, reserved 1064960K
  class space    used 2434K, capacity 2639K, committed 2688K, reserved 1048576K
Event: 8.120 GC heap after
Heap after GC invocations=5 (full 0):
 PSYoungGen      total 38400K, used 5104K [0x00000000d5580000, 0x00000000daa80000, 0x0000000100000000)
  eden space 33280K, 0% used [0x00000000d5580000,0x00000000d5580000,0x00000000d7600000)
  from space 5120K, 99% used [0x00000000d7600000,0x00000000d7afc030,0x00000000d7b00000)
  to   space 10240K, 0% used [0x00000000da080000,0x00000000da080000,0x00000000daa80000)
 ParOldGen       total 87552K, used 6713K [0x0000000080000000, 0x0000000085580000, 0x00000000d5580000)
  object space 87552K, 7% used [0x0000000080000000,0x000000008068e418,0x0000000085580000)
 Metaspace       used 17780K, capacity 18370K, committed 18560K, reserved 1064960K
  class space    used 2434K, capacity 2639K, committed 2688K, reserved 1048576K
}
Event: 8.573 GC heap before
{Heap before GC invocations=6 (full 0):
 PSYoungGen      total 38400K, used 34862K [0x00000000d5580000, 0x00000000daa80000, 0x0000000100000000)
  eden space 33280K, 89% used [0x00000000d5580000,0x00000000d728fbb8,0x00000000d7600000)
  from space 5120K, 99% used [0x00000000d7600000,0x00000000d7afc030,0x00000000d7b00000)
  to   space 10240K, 0% used [0x00000000da080000,0x00000000da080000,0x00000000daa80000)
 ParOldGen       total 87552K, used 6713K [0x0000000080000000, 0x0000000085580000, 0x00000000d5580000)
  object space 87552K, 7% used [0x0000000080000000,0x000000008068e418,0x0000000085580000)
 Metaspace       used 20493K, capacity 21216K, committed 21296K, reserved 1067008K
  class space    used 2854K, capacity 3036K, committed 3072K, reserved 1048576K
Event: 8.585 GC heap after
Heap after GC invocations=6 (full 0):
 PSYoungGen      total 76288K, used 8461K [0x00000000d5580000, 0x00000000dab80000, 0x0000000100000000)
  eden space 66048K, 0% used [0x00000000d5580000,0x00000000d5580000,0x00000000d9600000)
  from space 10240K, 82% used [0x00000000da080000,0x00000000da8c3560,0x00000000daa80000)
  to   space 10752K, 0% used [0x00000000d9600000,0x00000000d9600000,0x00000000da080000)
 ParOldGen       total 87552K, used 6721K [0x0000000080000000, 0x0000000085580000, 0x00000000d5580000)
  object space 87552K, 7% used [0x0000000080000000,0x0000000080690418,0x0000000085580000)
 Metaspace       used 20493K, capacity 21216K, committed 21296K, reserved 1067008K
  class space    used 2854K, capacity 3036K, committed 3072K, reserved 1048576K
}
Event: 8.585 GC heap before
{Heap before GC invocations=7 (full 1):
 PSYoungGen      total 76288K, used 8461K [0x00000000d5580000, 0x00000000dab80000, 0x0000000100000000)
  eden space 66048K, 0% used [0x00000000d5580000,0x00000000d5580000,0x00000000d9600000)
  from space 10240K, 82% used [0x00000000da080000,0x00000000da8c3560,0x00000000daa80000)
  to   space 10752K, 0% used [0x00000000d9600000,0x00000000d9600000,0x00000000da080000)
 ParOldGen       total 87552K, used 6721K [0x0000000080000000, 0x0000000085580000, 0x00000000d5580000)
  object space 87552K, 7% used [0x0000000080000000,0x0000000080690418,0x0000000085580000)
 Metaspace       used 20493K, capacity 21216K, committed 21296K, reserved 1067008K
  class space    used 2854K, capacity 3036K, committed 3072K, reserved 1048576K
Event: 8.650 GC heap after
Heap after GC invocations=7 (full 1):
 PSYoungGen      total 76288K, used 0K [0x00000000d5580000, 0x00000000dab80000, 0x0000000100000000)
  eden space 66048K, 0% used [0x00000000d5580000,0x00000000d5580000,0x00000000d9600000)
  from space 10240K, 0% used [0x00000000da080000,0x00000000da080000,0x00000000daa80000)
  to   space 10752K, 0% used [0x00000000d9600000,0x00000000d9600000,0x00000000da080000)
 ParOldGen       total 54784K, used 9031K [0x0000000080000000, 0x0000000083580000, 0x00000000d5580000)
  object space 54784K, 16% used [0x0000000080000000,0x00000000808d1c28,0x0000000083580000)
 Metaspace       used 20493K, capacity 21216K, committed 21296K, reserved 1067008K
  class space    used 2854K, capacity 3036K, committed 3072K, reserved 1048576K
}
Event: 12.168 GC heap before
{Heap before GC invocations=8 (full 1):
 PSYoungGen      total 76288K, used 66048K [0x00000000d5580000, 0x00000000dab80000, 0x0000000100000000)
  eden space 66048K, 100% used [0x00000000d5580000,0x00000000d9600000,0x00000000d9600000)
  from space 10240K, 0% used [0x00000000da080000,0x00000000da080000,0x00000000daa80000)
  to   space 10752K, 0% used [0x00000000d9600000,0x00000000d9600000,0x00000000da080000)
 ParOldGen       total 54784K, used 9031K [0x0000000080000000, 0x0000000083580000, 0x00000000d5580000)
  object space 54784K, 16% used [0x0000000080000000,0x00000000808d1c28,0x0000000083580000)
 Metaspace       used 25262K, capacity 26304K, committed 26496K, reserved 1071104K
  class space    used 3598K, capacity 3855K, committed 3968K, reserved 1048576K
Event: 12.178 GC heap after
Heap after GC invocations=8 (full 1):
 PSYoungGen      total 76800K, used 6551K [0x00000000d5580000, 0x00000000dd780000, 0x0000000100000000)
  eden space 66048K, 0% used [0x00000000d5580000,0x00000000d5580000,0x00000000d9600000)
  from space 10752K, 60% used [0x00000000d9600000,0x00000000d9c65ca8,0x00000000da080000)
  to   space 10240K, 0% used [0x00000000dcd80000,0x00000000dcd80000,0x00000000dd780000)
 ParOldGen       total 54784K, used 9039K [0x0000000080000000, 0x0000000083580000, 0x00000000d5580000)
  object space 54784K, 16% used [0x0000000080000000,0x00000000808d3c28,0x0000000083580000)
 Metaspace       used 25262K, capacity 26304K, committed 26496K, reserved 1071104K
  class space    used 3598K, capacity 3855K, committed 3968K, reserved 1048576K
}
Event: 14.364 GC heap before
{Heap before GC invocations=9 (full 1):
 PSYoungGen      total 76800K, used 72599K [0x00000000d5580000, 0x00000000dd780000, 0x0000000100000000)
  eden space 66048K, 100% used [0x00000000d5580000,0x00000000d9600000,0x00000000d9600000)
  from space 10752K, 60% used [0x00000000d9600000,0x00000000d9c65ca8,0x00000000da080000)
  to   space 10240K, 0% used [0x00000000dcd80000,0x00000000dcd80000,0x00000000dd780000)
 ParOldGen       total 54784K, used 9039K [0x0000000080000000, 0x0000000083580000, 0x00000000d5580000)
  object space 54784K, 16% used [0x0000000080000000,0x00000000808d3c28,0x0000000083580000)
 Metaspace       used 33042K, capacity 34238K, committed 34304K, reserved 1079296K
  class space    used 4475K, capacity 4812K, committed 4864K, reserved 1048576K
Event: 14.383 GC heap after
Heap after GC invocations=9 (full 1):
 PSYoungGen      total 120832K, used 9995K [0x00000000d5580000, 0x00000000dd880000, 0x0000000100000000)
  eden space 110592K, 0% used [0x00000000d5580000,0x00000000d5580000,0x00000000dc180000)
  from space 10240K, 97% used [0x00000000dcd80000,0x00000000dd742fb8,0x00000000dd780000)
  to   space 11776K, 0% used [0x00000000dc180000,0x00000000dc180000,0x00000000dcd00000)
 ParOldGen       total 54784K, used 9047K [0x0000000080000000, 0x0000000083580000, 0x00000000d5580000)
  object space 54784K, 16% used [0x0000000080000000,0x00000000808d5c28,0x0000000083580000)
 Metaspace       used 33042K, capacity 34238K, committed 34304K, reserved 1079296K
  class space    used 4475K, capacity 4812K, committed 4864K, reserved 1048576K
}

